<?xml version="1.0" encoding="UTF-8"?>
<coverage generated="1764711509220" clover="3.2.0">
  <project timestamp="1764711509220" name="All files">
    <metrics statements="72" coveredstatements="72" conditionals="64" coveredconditionals="62" methods="27" coveredmethods="27" elements="163" coveredelements="161" complexity="0" loc="72" ncloc="72" packages="1" files="1" classes="1"/>
    <file name="Login.jsx" path="/Users/harrisongearhart/Capstone_25/DineMetra/frontend/src/components/Login.jsx">
      <metrics statements="72" coveredstatements="72" conditionals="64" coveredconditionals="62" methods="27" coveredmethods="27"/>
      <line num="11" count="1" type="stmt"/>
      <line num="12" count="187" type="stmt"/>
      <line num="13" count="187" type="stmt"/>
      <line num="14" count="186" type="stmt"/>
      <line num="19" count="186" type="stmt"/>
      <line num="20" count="186" type="stmt"/>
      <line num="22" count="186" type="stmt"/>
      <line num="23" count="53" type="stmt"/>
      <line num="27" count="53" type="stmt"/>
      <line num="30" count="186" type="stmt"/>
      <line num="31" count="16" type="stmt"/>
      <line num="32" count="16" type="stmt"/>
      <line num="33" count="16" type="stmt"/>
      <line num="34" count="16" type="stmt"/>
      <line num="35" count="16" type="stmt"/>
      <line num="36" count="5" type="stmt"/>
      <line num="38" count="7" type="stmt"/>
      <line num="40" count="12" type="stmt"/>
      <line num="44" count="186" type="stmt"/>
      <line num="45" count="9" type="stmt"/>
      <line num="46" count="9" type="stmt"/>
      <line num="48" count="9" type="cond" truecount="2" falsecount="0"/>
      <line num="49" count="1" type="stmt"/>
      <line num="50" count="1" type="stmt"/>
      <line num="53" count="8" type="cond" truecount="2" falsecount="0"/>
      <line num="54" count="2" type="stmt"/>
      <line num="55" count="2" type="stmt"/>
      <line num="58" count="6" type="stmt"/>
      <line num="59" count="6" type="stmt"/>
      <line num="60" count="6" type="stmt"/>
      <line num="61" count="4" type="stmt"/>
      <line num="63" count="1" type="stmt"/>
      <line num="65" count="5" type="stmt"/>
      <line num="69" count="186" type="stmt"/>
      <line num="70" count="5" type="stmt"/>
      <line num="71" count="5" type="stmt"/>
      <line num="72" count="5" type="stmt"/>
      <line num="73" count="5" type="stmt"/>
      <line num="74" count="2" type="stmt"/>
      <line num="76" count="1" type="stmt"/>
      <line num="78" count="3" type="stmt"/>
      <line num="82" count="186" type="stmt"/>
      <line num="175" count="4" type="stmt"/>
      <line num="176" count="3" type="stmt"/>
      <line num="209" count="2" type="stmt"/>
      <line num="210" count="2" type="stmt"/>
      <line num="229" count="2" type="cond" truecount="2" falsecount="0"/>
      <line num="230" count="5" type="cond" truecount="2" falsecount="0"/>
      <line num="258" count="2" type="cond" truecount="1" falsecount="1"/>
      <line num="259" count="2" type="stmt"/>
      <line num="260" count="2" type="stmt"/>
      <line num="264" count="4" type="cond" truecount="2" falsecount="0"/>
      <line num="265" count="2" type="stmt"/>
      <line num="266" count="2" type="stmt"/>
      <line num="290" count="25" type="stmt"/>
      <line num="305" count="2" type="cond" truecount="2" falsecount="0"/>
      <line num="306" count="4" type="cond" truecount="2" falsecount="0"/>
      <line num="366" count="2" type="stmt"/>
      <line num="367" count="2" type="stmt"/>
      <line num="400" count="3" type="stmt"/>
      <line num="401" count="3" type="stmt"/>
      <line num="434" count="2" type="stmt"/>
      <line num="435" count="2" type="stmt"/>
      <line num="455" count="2" type="cond" truecount="2" falsecount="0"/>
      <line num="456" count="3" type="cond" truecount="2" falsecount="0"/>
      <line num="463" count="2" type="stmt"/>
      <line num="479" count="3" type="cond" truecount="1" falsecount="1"/>
      <line num="480" count="3" type="stmt"/>
      <line num="481" count="3" type="stmt"/>
      <line num="485" count="4" type="cond" truecount="2" falsecount="0"/>
      <line num="486" count="3" type="stmt"/>
      <line num="487" count="3" type="stmt"/>
    </file>
  </project>
</coverage>
