{"/Users/harrisongearhart/Capstone_25/DineMetra/frontend/src/components/Login.jsx": {"path":"/Users/harrisongearhart/Capstone_25/DineMetra/frontend/src/components/Login.jsx","statementMap":{"0":{"start":{"line":11,"column":22},"end":{"line":500,"column":1}},"1":{"start":{"line":12,"column":19},"end":{"line":12,"column":32}},"2":{"start":{"line":13,"column":34},"end":{"line":13,"column":49}},"3":{"start":{"line":14,"column":34},"end":{"line":18,"column":4}},"4":{"start":{"line":19,"column":28},"end":{"line":19,"column":40}},"5":{"start":{"line":20,"column":32},"end":{"line":20,"column":47}},"6":{"start":{"line":22,"column":28},"end":{"line":28,"column":3}},"7":{"start":{"line":23,"column":4},"end":{"line":26,"column":7}},"8":{"start":{"line":27,"column":4},"end":{"line":27,"column":17}},"9":{"start":{"line":30,"column":23},"end":{"line":42,"column":3}},"10":{"start":{"line":31,"column":4},"end":{"line":31,"column":23}},"11":{"start":{"line":32,"column":4},"end":{"line":32,"column":17}},"12":{"start":{"line":33,"column":4},"end":{"line":33,"column":21}},"13":{"start":{"line":34,"column":4},"end":{"line":41,"column":5}},"14":{"start":{"line":35,"column":6},"end":{"line":35,"column":80}},"15":{"start":{"line":36,"column":6},"end":{"line":36,"column":29}},"16":{"start":{"line":38,"column":6},"end":{"line":38,"column":56}},"17":{"start":{"line":40,"column":6},"end":{"line":40,"column":24}},"18":{"start":{"line":44,"column":23},"end":{"line":67,"column":3}},"19":{"start":{"line":45,"column":4},"end":{"line":45,"column":23}},"20":{"start":{"line":46,"column":4},"end":{"line":46,"column":17}},"21":{"start":{"line":48,"column":4},"end":{"line":51,"column":5}},"22":{"start":{"line":49,"column":6},"end":{"line":49,"column":42}},"23":{"start":{"line":50,"column":6},"end":{"line":50,"column":13}},"24":{"start":{"line":53,"column":4},"end":{"line":56,"column":5}},"25":{"start":{"line":54,"column":6},"end":{"line":54,"column":57}},"26":{"start":{"line":55,"column":6},"end":{"line":55,"column":13}},"27":{"start":{"line":58,"column":4},"end":{"line":58,"column":21}},"28":{"start":{"line":59,"column":4},"end":{"line":66,"column":5}},"29":{"start":{"line":60,"column":6},"end":{"line":60,"column":84}},"30":{"start":{"line":61,"column":6},"end":{"line":61,"column":29}},"31":{"start":{"line":63,"column":6},"end":{"line":63,"column":56}},"32":{"start":{"line":65,"column":6},"end":{"line":65,"column":24}},"33":{"start":{"line":69,"column":29},"end":{"line":80,"column":3}},"34":{"start":{"line":70,"column":4},"end":{"line":70,"column":17}},"35":{"start":{"line":71,"column":4},"end":{"line":71,"column":21}},"36":{"start":{"line":72,"column":4},"end":{"line":79,"column":5}},"37":{"start":{"line":73,"column":6},"end":{"line":73,"column":50}},"38":{"start":{"line":74,"column":6},"end":{"line":74,"column":29}},"39":{"start":{"line":76,"column":6},"end":{"line":76,"column":56}},"40":{"start":{"line":78,"column":6},"end":{"line":78,"column":24}},"41":{"start":{"line":82,"column":2},"end":{"line":499,"column":4}},"42":{"start":{"line":175,"column":36},"end":{"line":175,"column":74}},"43":{"start":{"line":176,"column":35},"end":{"line":176,"column":70}},"44":{"start":{"line":209,"column":36},"end":{"line":209,"column":74}},"45":{"start":{"line":210,"column":35},"end":{"line":210,"column":70}},"46":{"start":{"line":229,"column":39},"end":{"line":229,"column":90}},"47":{"start":{"line":230,"column":39},"end":{"line":230,"column":90}},"48":{"start":{"line":258,"column":20},"end":{"line":261,"column":21}},"49":{"start":{"line":259,"column":22},"end":{"line":259,"column":60}},"50":{"start":{"line":260,"column":22},"end":{"line":260,"column":61}},"51":{"start":{"line":264,"column":20},"end":{"line":267,"column":21}},"52":{"start":{"line":265,"column":22},"end":{"line":265,"column":60}},"53":{"start":{"line":266,"column":22},"end":{"line":266,"column":58}},"54":{"start":{"line":290,"column":29},"end":{"line":290,"column":46}},"55":{"start":{"line":305,"column":35},"end":{"line":305,"column":86}},"56":{"start":{"line":306,"column":35},"end":{"line":306,"column":86}},"57":{"start":{"line":366,"column":36},"end":{"line":366,"column":74}},"58":{"start":{"line":367,"column":35},"end":{"line":367,"column":70}},"59":{"start":{"line":400,"column":36},"end":{"line":400,"column":74}},"60":{"start":{"line":401,"column":35},"end":{"line":401,"column":70}},"61":{"start":{"line":434,"column":36},"end":{"line":434,"column":74}},"62":{"start":{"line":435,"column":35},"end":{"line":435,"column":70}},"63":{"start":{"line":455,"column":39},"end":{"line":455,"column":90}},"64":{"start":{"line":456,"column":39},"end":{"line":456,"column":90}},"65":{"start":{"line":463,"column":33},"end":{"line":463,"column":51}},"66":{"start":{"line":479,"column":20},"end":{"line":482,"column":21}},"67":{"start":{"line":480,"column":22},"end":{"line":480,"column":60}},"68":{"start":{"line":481,"column":22},"end":{"line":481,"column":61}},"69":{"start":{"line":485,"column":20},"end":{"line":488,"column":21}},"70":{"start":{"line":486,"column":22},"end":{"line":486,"column":64}},"71":{"start":{"line":487,"column":22},"end":{"line":487,"column":58}}},"fnMap":{"0":{"name":"(anonymous_0)","decl":{"start":{"line":11,"column":22},"end":{"line":11,"column":23}},"loc":{"start":{"line":11,"column":28},"end":{"line":500,"column":1}},"line":11},"1":{"name":"(anonymous_1)","decl":{"start":{"line":22,"column":28},"end":{"line":22,"column":29}},"loc":{"start":{"line":22,"column":35},"end":{"line":28,"column":3}},"line":22},"2":{"name":"(anonymous_2)","decl":{"start":{"line":30,"column":23},"end":{"line":30,"column":24}},"loc":{"start":{"line":30,"column":36},"end":{"line":42,"column":3}},"line":30},"3":{"name":"(anonymous_3)","decl":{"start":{"line":44,"column":23},"end":{"line":44,"column":24}},"loc":{"start":{"line":44,"column":36},"end":{"line":67,"column":3}},"line":44},"4":{"name":"(anonymous_4)","decl":{"start":{"line":69,"column":29},"end":{"line":69,"column":30}},"loc":{"start":{"line":69,"column":41},"end":{"line":80,"column":3}},"line":69},"5":{"name":"(anonymous_5)","decl":{"start":{"line":175,"column":29},"end":{"line":175,"column":30}},"loc":{"start":{"line":175,"column":36},"end":{"line":175,"column":74}},"line":175},"6":{"name":"(anonymous_6)","decl":{"start":{"line":176,"column":28},"end":{"line":176,"column":29}},"loc":{"start":{"line":176,"column":35},"end":{"line":176,"column":70}},"line":176},"7":{"name":"(anonymous_7)","decl":{"start":{"line":209,"column":29},"end":{"line":209,"column":30}},"loc":{"start":{"line":209,"column":36},"end":{"line":209,"column":74}},"line":209},"8":{"name":"(anonymous_8)","decl":{"start":{"line":210,"column":28},"end":{"line":210,"column":29}},"loc":{"start":{"line":210,"column":35},"end":{"line":210,"column":70}},"line":210},"9":{"name":"(anonymous_9)","decl":{"start":{"line":229,"column":32},"end":{"line":229,"column":33}},"loc":{"start":{"line":229,"column":39},"end":{"line":229,"column":90}},"line":229},"10":{"name":"(anonymous_10)","decl":{"start":{"line":230,"column":32},"end":{"line":230,"column":33}},"loc":{"start":{"line":230,"column":39},"end":{"line":230,"column":90}},"line":230},"11":{"name":"(anonymous_11)","decl":{"start":{"line":257,"column":32},"end":{"line":257,"column":33}},"loc":{"start":{"line":257,"column":39},"end":{"line":262,"column":19}},"line":257},"12":{"name":"(anonymous_12)","decl":{"start":{"line":263,"column":32},"end":{"line":263,"column":33}},"loc":{"start":{"line":263,"column":39},"end":{"line":268,"column":19}},"line":263},"13":{"name":"(anonymous_13)","decl":{"start":{"line":290,"column":23},"end":{"line":290,"column":24}},"loc":{"start":{"line":290,"column":29},"end":{"line":290,"column":46}},"line":290},"14":{"name":"(anonymous_14)","decl":{"start":{"line":305,"column":28},"end":{"line":305,"column":29}},"loc":{"start":{"line":305,"column":35},"end":{"line":305,"column":86}},"line":305},"15":{"name":"(anonymous_15)","decl":{"start":{"line":306,"column":28},"end":{"line":306,"column":29}},"loc":{"start":{"line":306,"column":35},"end":{"line":306,"column":86}},"line":306},"16":{"name":"(anonymous_16)","decl":{"start":{"line":366,"column":29},"end":{"line":366,"column":30}},"loc":{"start":{"line":366,"column":36},"end":{"line":366,"column":74}},"line":366},"17":{"name":"(anonymous_17)","decl":{"start":{"line":367,"column":28},"end":{"line":367,"column":29}},"loc":{"start":{"line":367,"column":35},"end":{"line":367,"column":70}},"line":367},"18":{"name":"(anonymous_18)","decl":{"start":{"line":400,"column":29},"end":{"line":400,"column":30}},"loc":{"start":{"line":400,"column":36},"end":{"line":400,"column":74}},"line":400},"19":{"name":"(anonymous_19)","decl":{"start":{"line":401,"column":28},"end":{"line":401,"column":29}},"loc":{"start":{"line":401,"column":35},"end":{"line":401,"column":70}},"line":401},"20":{"name":"(anonymous_20)","decl":{"start":{"line":434,"column":29},"end":{"line":434,"column":30}},"loc":{"start":{"line":434,"column":36},"end":{"line":434,"column":74}},"line":434},"21":{"name":"(anonymous_21)","decl":{"start":{"line":435,"column":28},"end":{"line":435,"column":29}},"loc":{"start":{"line":435,"column":35},"end":{"line":435,"column":70}},"line":435},"22":{"name":"(anonymous_22)","decl":{"start":{"line":455,"column":32},"end":{"line":455,"column":33}},"loc":{"start":{"line":455,"column":39},"end":{"line":455,"column":90}},"line":455},"23":{"name":"(anonymous_23)","decl":{"start":{"line":456,"column":32},"end":{"line":456,"column":33}},"loc":{"start":{"line":456,"column":39},"end":{"line":456,"column":90}},"line":456},"24":{"name":"(anonymous_24)","decl":{"start":{"line":463,"column":27},"end":{"line":463,"column":28}},"loc":{"start":{"line":463,"column":33},"end":{"line":463,"column":51}},"line":463},"25":{"name":"(anonymous_25)","decl":{"start":{"line":478,"column":32},"end":{"line":478,"column":33}},"loc":{"start":{"line":478,"column":39},"end":{"line":483,"column":19}},"line":478},"26":{"name":"(anonymous_26)","decl":{"start":{"line":484,"column":32},"end":{"line":484,"column":33}},"loc":{"start":{"line":484,"column":39},"end":{"line":489,"column":19}},"line":484}},"branchMap":{"0":{"loc":{"start":{"line":48,"column":4},"end":{"line":51,"column":5}},"type":"if","locations":[{"start":{"line":48,"column":4},"end":{"line":51,"column":5}},{"start":{},"end":{}}],"line":48},"1":{"loc":{"start":{"line":53,"column":4},"end":{"line":56,"column":5}},"type":"if","locations":[{"start":{"line":53,"column":4},"end":{"line":56,"column":5}},{"start":{},"end":{}}],"line":53},"2":{"loc":{"start":{"line":117,"column":9},"end":{"line":129,"column":9}},"type":"binary-expr","locations":[{"start":{"line":117,"column":9},"end":{"line":117,"column":14}},{"start":{"line":118,"column":10},"end":{"line":128,"column":16}}],"line":117},"3":{"loc":{"start":{"line":131,"column":9},"end":{"line":496,"column":9}},"type":"cond-expr","locations":[{"start":{"line":133,"column":10},"end":{"line":310,"column":13}},{"start":{"line":313,"column":10},"end":{"line":495,"column":13}}],"line":131},"4":{"loc":{"start":{"line":173,"column":31},"end":{"line":173,"column":48}},"type":"cond-expr","locations":[{"start":{"line":173,"column":41},"end":{"line":173,"column":44}},{"start":{"line":173,"column":47},"end":{"line":173,"column":48}}],"line":173},"5":{"loc":{"start":{"line":207,"column":31},"end":{"line":207,"column":48}},"type":"cond-expr","locations":[{"start":{"line":207,"column":41},"end":{"line":207,"column":44}},{"start":{"line":207,"column":47},"end":{"line":207,"column":48}}],"line":207},"6":{"loc":{"start":{"line":220,"column":32},"end":{"line":220,"column":60}},"type":"cond-expr","locations":[{"start":{"line":220,"column":42},"end":{"line":220,"column":48}},{"start":{"line":220,"column":51},"end":{"line":220,"column":60}}],"line":220},"7":{"loc":{"start":{"line":226,"column":28},"end":{"line":226,"column":63}},"type":"cond-expr","locations":[{"start":{"line":226,"column":38},"end":{"line":226,"column":51}},{"start":{"line":226,"column":54},"end":{"line":226,"column":63}}],"line":226},"8":{"loc":{"start":{"line":229,"column":39},"end":{"line":229,"column":90}},"type":"binary-expr","locations":[{"start":{"line":229,"column":39},"end":{"line":229,"column":47}},{"start":{"line":229,"column":52},"end":{"line":229,"column":89}}],"line":229},"9":{"loc":{"start":{"line":230,"column":39},"end":{"line":230,"column":90}},"type":"binary-expr","locations":[{"start":{"line":230,"column":39},"end":{"line":230,"column":47}},{"start":{"line":230,"column":52},"end":{"line":230,"column":89}}],"line":230},"10":{"loc":{"start":{"line":232,"column":19},"end":{"line":232,"column":56}},"type":"cond-expr","locations":[{"start":{"line":232,"column":29},"end":{"line":232,"column":44}},{"start":{"line":232,"column":47},"end":{"line":232,"column":56}}],"line":232},"11":{"loc":{"start":{"line":249,"column":28},"end":{"line":249,"column":63}},"type":"cond-expr","locations":[{"start":{"line":249,"column":38},"end":{"line":249,"column":51}},{"start":{"line":249,"column":54},"end":{"line":249,"column":63}}],"line":249},"12":{"loc":{"start":{"line":255,"column":29},"end":{"line":255,"column":46}},"type":"cond-expr","locations":[{"start":{"line":255,"column":39},"end":{"line":255,"column":42}},{"start":{"line":255,"column":45},"end":{"line":255,"column":46}}],"line":255},"13":{"loc":{"start":{"line":258,"column":20},"end":{"line":261,"column":21}},"type":"if","locations":[{"start":{"line":258,"column":20},"end":{"line":261,"column":21}},{"start":{},"end":{}}],"line":258},"14":{"loc":{"start":{"line":264,"column":20},"end":{"line":267,"column":21}},"type":"if","locations":[{"start":{"line":264,"column":20},"end":{"line":267,"column":21}},{"start":{},"end":{}}],"line":264},"15":{"loc":{"start":{"line":276,"column":19},"end":{"line":276,"column":68}},"type":"cond-expr","locations":[{"start":{"line":276,"column":29},"end":{"line":276,"column":44}},{"start":{"line":276,"column":47},"end":{"line":276,"column":68}}],"line":276},"16":{"loc":{"start":{"line":296,"column":28},"end":{"line":296,"column":56}},"type":"cond-expr","locations":[{"start":{"line":296,"column":38},"end":{"line":296,"column":44}},{"start":{"line":296,"column":47},"end":{"line":296,"column":56}}],"line":296},"17":{"loc":{"start":{"line":302,"column":24},"end":{"line":302,"column":59}},"type":"cond-expr","locations":[{"start":{"line":302,"column":34},"end":{"line":302,"column":47}},{"start":{"line":302,"column":50},"end":{"line":302,"column":59}}],"line":302},"18":{"loc":{"start":{"line":305,"column":35},"end":{"line":305,"column":86}},"type":"binary-expr","locations":[{"start":{"line":305,"column":35},"end":{"line":305,"column":43}},{"start":{"line":305,"column":48},"end":{"line":305,"column":85}}],"line":305},"19":{"loc":{"start":{"line":306,"column":35},"end":{"line":306,"column":86}},"type":"binary-expr","locations":[{"start":{"line":306,"column":35},"end":{"line":306,"column":43}},{"start":{"line":306,"column":48},"end":{"line":306,"column":85}}],"line":306},"20":{"loc":{"start":{"line":364,"column":31},"end":{"line":364,"column":48}},"type":"cond-expr","locations":[{"start":{"line":364,"column":41},"end":{"line":364,"column":44}},{"start":{"line":364,"column":47},"end":{"line":364,"column":48}}],"line":364},"21":{"loc":{"start":{"line":398,"column":31},"end":{"line":398,"column":48}},"type":"cond-expr","locations":[{"start":{"line":398,"column":41},"end":{"line":398,"column":44}},{"start":{"line":398,"column":47},"end":{"line":398,"column":48}}],"line":398},"22":{"loc":{"start":{"line":432,"column":31},"end":{"line":432,"column":48}},"type":"cond-expr","locations":[{"start":{"line":432,"column":41},"end":{"line":432,"column":44}},{"start":{"line":432,"column":47},"end":{"line":432,"column":48}}],"line":432},"23":{"loc":{"start":{"line":445,"column":32},"end":{"line":445,"column":60}},"type":"cond-expr","locations":[{"start":{"line":445,"column":42},"end":{"line":445,"column":48}},{"start":{"line":445,"column":51},"end":{"line":445,"column":60}}],"line":445},"24":{"loc":{"start":{"line":451,"column":28},"end":{"line":451,"column":63}},"type":"cond-expr","locations":[{"start":{"line":451,"column":38},"end":{"line":451,"column":51}},{"start":{"line":451,"column":54},"end":{"line":451,"column":63}}],"line":451},"25":{"loc":{"start":{"line":455,"column":39},"end":{"line":455,"column":90}},"type":"binary-expr","locations":[{"start":{"line":455,"column":39},"end":{"line":455,"column":47}},{"start":{"line":455,"column":52},"end":{"line":455,"column":89}}],"line":455},"26":{"loc":{"start":{"line":456,"column":39},"end":{"line":456,"column":90}},"type":"binary-expr","locations":[{"start":{"line":456,"column":39},"end":{"line":456,"column":47}},{"start":{"line":456,"column":52},"end":{"line":456,"column":89}}],"line":456},"27":{"loc":{"start":{"line":458,"column":19},"end":{"line":458,"column":69}},"type":"cond-expr","locations":[{"start":{"line":458,"column":29},"end":{"line":458,"column":50}},{"start":{"line":458,"column":53},"end":{"line":458,"column":69}}],"line":458},"28":{"loc":{"start":{"line":474,"column":28},"end":{"line":474,"column":63}},"type":"cond-expr","locations":[{"start":{"line":474,"column":38},"end":{"line":474,"column":51}},{"start":{"line":474,"column":54},"end":{"line":474,"column":63}}],"line":474},"29":{"loc":{"start":{"line":476,"column":29},"end":{"line":476,"column":46}},"type":"cond-expr","locations":[{"start":{"line":476,"column":39},"end":{"line":476,"column":42}},{"start":{"line":476,"column":45},"end":{"line":476,"column":46}}],"line":476},"30":{"loc":{"start":{"line":479,"column":20},"end":{"line":482,"column":21}},"type":"if","locations":[{"start":{"line":479,"column":20},"end":{"line":482,"column":21}},{"start":{},"end":{}}],"line":479},"31":{"loc":{"start":{"line":485,"column":20},"end":{"line":488,"column":21}},"type":"if","locations":[{"start":{"line":485,"column":20},"end":{"line":488,"column":21}},{"start":{},"end":{}}],"line":485}},"s":{"0":1,"1":187,"2":187,"3":186,"4":186,"5":186,"6":186,"7":53,"8":53,"9":186,"10":16,"11":16,"12":16,"13":16,"14":16,"15":5,"16":7,"17":12,"18":186,"19":9,"20":9,"21":9,"22":1,"23":1,"24":8,"25":2,"26":2,"27":6,"28":6,"29":6,"30":4,"31":1,"32":5,"33":186,"34":5,"35":5,"36":5,"37":5,"38":2,"39":1,"40":3,"41":186,"42":4,"43":3,"44":2,"45":2,"46":2,"47":5,"48":2,"49":2,"50":2,"51":4,"52":2,"53":2,"54":25,"55":2,"56":4,"57":2,"58":2,"59":3,"60":3,"61":2,"62":2,"63":2,"64":3,"65":2,"66":3,"67":3,"68":3,"69":4,"70":3,"71":3},"f":{"0":187,"1":53,"2":16,"3":9,"4":5,"5":4,"6":3,"7":2,"8":2,"9":2,"10":5,"11":2,"12":4,"13":25,"14":2,"15":4,"16":2,"17":2,"18":3,"19":3,"20":2,"21":2,"22":2,"23":3,"24":2,"25":3,"26":4},"b":{"0":[1,8],"1":[2,6],"2":[186,12],"3":[122,64],"4":[22,100],"5":[22,100],"6":[22,100],"7":[22,100],"8":[2,2],"9":[5,2],"10":[22,100],"11":[22,100],"12":[22,100],"13":[2,0],"14":[2,2],"15":[22,100],"16":[22,100],"17":[22,100],"18":[2,2],"19":[4,2],"20":[6,58],"21":[6,58],"22":[6,58],"23":[6,58],"24":[6,58],"25":[2,2],"26":[3,2],"27":[6,58],"28":[6,58],"29":[6,58],"30":[3,0],"31":[3,1]},"_coverageSchema":"1a1c01bbd47fc00a2c39e90264f33305004495a9","hash":"3219fb1563aed621994fa810aba9e5aa2f916086"}
}
