TN:
SF:src/components/Login.jsx
FN:11,(anonymous_0)
FN:22,(anonymous_1)
FN:30,(anonymous_2)
FN:44,(anonymous_3)
FN:69,(anonymous_4)
FN:175,(anonymous_5)
FN:176,(anonymous_6)
FN:209,(anonymous_7)
FN:210,(anonymous_8)
FN:229,(anonymous_9)
FN:230,(anonymous_10)
FN:257,(anonymous_11)
FN:263,(anonymous_12)
FN:290,(anonymous_13)
FN:305,(anonymous_14)
FN:306,(anonymous_15)
FN:366,(anonymous_16)
FN:367,(anonymous_17)
FN:400,(anonymous_18)
FN:401,(anonymous_19)
FN:434,(anonymous_20)
FN:435,(anonymous_21)
FN:455,(anonymous_22)
FN:456,(anonymous_23)
FN:463,(anonymous_24)
FN:478,(anonymous_25)
FN:484,(anonymous_26)
FNF:27
FNH:27
FNDA:187,(anonymous_0)
FNDA:53,(anonymous_1)
FNDA:16,(anonymous_2)
FNDA:9,(anonymous_3)
FNDA:5,(anonymous_4)
FNDA:4,(anonymous_5)
FNDA:3,(anonymous_6)
FNDA:2,(anonymous_7)
FNDA:2,(anonymous_8)
FNDA:2,(anonymous_9)
FNDA:5,(anonymous_10)
FNDA:2,(anonymous_11)
FNDA:4,(anonymous_12)
FNDA:25,(anonymous_13)
FNDA:2,(anonymous_14)
FNDA:4,(anonymous_15)
FNDA:2,(anonymous_16)
FNDA:2,(anonymous_17)
FNDA:3,(anonymous_18)
FNDA:3,(anonymous_19)
FNDA:2,(anonymous_20)
FNDA:2,(anonymous_21)
FNDA:2,(anonymous_22)
FNDA:3,(anonymous_23)
FNDA:2,(anonymous_24)
FNDA:3,(anonymous_25)
FNDA:4,(anonymous_26)
DA:11,1
DA:12,187
DA:13,187
DA:14,186
DA:19,186
DA:20,186
DA:22,186
DA:23,53
DA:27,53
DA:30,186
DA:31,16
DA:32,16
DA:33,16
DA:34,16
DA:35,16
DA:36,5
DA:38,7
DA:40,12
DA:44,186
DA:45,9
DA:46,9
DA:48,9
DA:49,1
DA:50,1
DA:53,8
DA:54,2
DA:55,2
DA:58,6
DA:59,6
DA:60,6
DA:61,4
DA:63,1
DA:65,5
DA:69,186
DA:70,5
DA:71,5
DA:72,5
DA:73,5
DA:74,2
DA:76,1
DA:78,3
DA:82,186
DA:175,4
DA:176,3
DA:209,2
DA:210,2
DA:229,2
DA:230,5
DA:258,2
DA:259,2
DA:260,2
DA:264,4
DA:265,2
DA:266,2
DA:290,25
DA:305,2
DA:306,4
DA:366,2
DA:367,2
DA:400,3
DA:401,3
DA:434,2
DA:435,2
DA:455,2
DA:456,3
DA:463,2
DA:479,3
DA:480,3
DA:481,3
DA:485,4
DA:486,3
DA:487,3
LF:72
LH:72
BRDA:48,0,0,1
BRDA:48,0,1,8
BRDA:53,1,0,2
BRDA:53,1,1,6
BRDA:117,2,0,186
BRDA:117,2,1,12
BRDA:131,3,0,122
BRDA:131,3,1,64
BRDA:173,4,0,22
BRDA:173,4,1,100
BRDA:207,5,0,22
BRDA:207,5,1,100
BRDA:220,6,0,22
BRDA:220,6,1,100
BRDA:226,7,0,22
BRDA:226,7,1,100
BRDA:229,8,0,2
BRDA:229,8,1,2
BRDA:230,9,0,5
BRDA:230,9,1,2
BRDA:232,10,0,22
BRDA:232,10,1,100
BRDA:249,11,0,22
BRDA:249,11,1,100
BRDA:255,12,0,22
BRDA:255,12,1,100
BRDA:258,13,0,2
BRDA:258,13,1,0
BRDA:264,14,0,2
BRDA:264,14,1,2
BRDA:276,15,0,22
BRDA:276,15,1,100
BRDA:296,16,0,22
BRDA:296,16,1,100
BRDA:302,17,0,22
BRDA:302,17,1,100
BRDA:305,18,0,2
BRDA:305,18,1,2
BRDA:306,19,0,4
BRDA:306,19,1,2
BRDA:364,20,0,6
BRDA:364,20,1,58
BRDA:398,21,0,6
BRDA:398,21,1,58
BRDA:432,22,0,6
BRDA:432,22,1,58
BRDA:445,23,0,6
BRDA:445,23,1,58
BRDA:451,24,0,6
BRDA:451,24,1,58
BRDA:455,25,0,2
BRDA:455,25,1,2
BRDA:456,26,0,3
BRDA:456,26,1,2
BRDA:458,27,0,6
BRDA:458,27,1,58
BRDA:474,28,0,6
BRDA:474,28,1,58
BRDA:476,29,0,6
BRDA:476,29,1,58
BRDA:479,30,0,3
BRDA:479,30,1,0
BRDA:485,31,0,3
BRDA:485,31,1,1
BRF:64
BRH:62
end_of_record
